<?xml version="1.0" encoding="UTF-8"?>
<testsuite name="ru.nsu.chernikov.MainTest" tests="3" skipped="0" failures="0" errors="0" timestamp="2024-10-09T10:04:12" hostname="MacBook-Air-Anatolij.local" time="0.024">
  <properties/>
  <testcase name="printTest()" classname="ru.nsu.chernikov.MainTest" time="0.016"/>
  <testcase name="mainTest()" classname="ru.nsu.chernikov.MainTest" time="0.005"/>
  <testcase name="evalTest()" classname="ru.nsu.chernikov.MainTest" time="0.001"/>
  <system-out><![CDATA[(3+(2*x))
(0+((0*x)+(2*1)))
Error, there's no matchable variables
3.0
(y-(2/x))
(1-(((0*x)-(2*0))/(x*x)))
29.92
Division by zero
]]></system-out>
  <system-err><![CDATA[]]></system-err>
</testsuite>
