<?xml version="1.0" encoding="UTF-8"?>
<testsuite name="ru.nsu.chernikov.MainTest" tests="1" skipped="0" failures="0" errors="0" timestamp="2024-11-29T02:33:30" hostname="MacBook-Air-Anatolij.local" time="0.01">
  <properties/>
  <testcase name="parserTest()" classname="ru.nsu.chernikov.MainTest" time="0.01"/>
  <system-out><![CDATA[((3213+123)+43)
((((0*x)+(y*0))+(2*0))+(123*0))
0]]></system-out>
  <system-err><![CDATA[]]></system-err>
</testsuite>
